<?xml version="1.0" encoding="UTF-8"?>
<!-- Generated by org.testng.reporters.JUnitReportReporter -->
<testsuite skipped="0" hostname="DESKTOP-74ULC4S" name="testCases.TC_VideoGameAPI" tests="2" failures="0" timestamp="2022-07-25T16:06:16 ICT" time="1.586" errors="0">
  <testcase name="test_getAllVideoGames" time="1.318" classname="testCases.TC_VideoGameAPI"/>
  <system-out/>
  <testcase name="test_addNewVideoGame" time="0.268" classname="testCases.TC_VideoGameAPI"/>
  <system-out/>
</testsuite> <!-- testCases.TC_VideoGameAPI -->
